{"C:\\Users\\alexr\\Projects\\youtube\\node-and-express-js-app\\src\\config.ts": {"path":"C:\\Users\\alexr\\Projects\\youtube\\node-and-express-js-app\\src\\config.ts","statementMap":{"0":{"start":{"line":1,"column":15},"end":{"line":19,"column":2}},"1":{"start":{"line":21,"column":0},"end":{"line":21,"column":22}}},"fnMap":{},"branchMap":{"0":{"loc":{"start":{"line":2,"column":7},"end":{"line":2,"column":44}},"type":"binary-expr","locations":[{"start":{"line":2,"column":7},"end":{"line":2,"column":27}},{"start":{"line":2,"column":31},"end":{"line":2,"column":44}}]},"1":{"loc":{"start":{"line":3,"column":17},"end":{"line":3,"column":43}},"type":"binary-expr","locations":[{"start":{"line":3,"column":17},"end":{"line":3,"column":33}},{"start":{"line":3,"column":37},"end":{"line":3,"column":43}}]},"2":{"loc":{"start":{"line":5,"column":12},"end":{"line":5,"column":43}},"type":"binary-expr","locations":[{"start":{"line":5,"column":12},"end":{"line":5,"column":33}},{"start":{"line":5,"column":37},"end":{"line":5,"column":43}}]},"3":{"loc":{"start":{"line":7,"column":28},"end":{"line":7,"column":64}},"type":"binary-expr","locations":[{"start":{"line":7,"column":28},"end":{"line":7,"column":57}},{"start":{"line":7,"column":61},"end":{"line":7,"column":64}}]},"4":{"loc":{"start":{"line":8,"column":13},"end":{"line":8,"column":41}},"type":"binary-expr","locations":[{"start":{"line":8,"column":13},"end":{"line":8,"column":35}},{"start":{"line":8,"column":39},"end":{"line":8,"column":41}}]},"5":{"loc":{"start":{"line":9,"column":17},"end":{"line":9,"column":50}},"type":"binary-expr","locations":[{"start":{"line":9,"column":17},"end":{"line":9,"column":44}},{"start":{"line":9,"column":48},"end":{"line":9,"column":50}}]},"6":{"loc":{"start":{"line":10,"column":12},"end":{"line":10,"column":38}},"type":"binary-expr","locations":[{"start":{"line":10,"column":12},"end":{"line":10,"column":32}},{"start":{"line":10,"column":36},"end":{"line":10,"column":38}}]},"7":{"loc":{"start":{"line":12,"column":12},"end":{"line":12,"column":45}},"type":"binary-expr","locations":[{"start":{"line":12,"column":12},"end":{"line":12,"column":35}},{"start":{"line":12,"column":39},"end":{"line":12,"column":45}}]},"8":{"loc":{"start":{"line":13,"column":10},"end":{"line":13,"column":37}},"type":"binary-expr","locations":[{"start":{"line":13,"column":10},"end":{"line":13,"column":31}},{"start":{"line":13,"column":35},"end":{"line":13,"column":37}}]},"9":{"loc":{"start":{"line":14,"column":10},"end":{"line":14,"column":44}},"type":"binary-expr","locations":[{"start":{"line":14,"column":10},"end":{"line":14,"column":39}},{"start":{"line":14,"column":43},"end":{"line":14,"column":44}}]},"10":{"loc":{"start":{"line":15,"column":14},"end":{"line":15,"column":45}},"type":"binary-expr","locations":[{"start":{"line":15,"column":14},"end":{"line":15,"column":39}},{"start":{"line":15,"column":43},"end":{"line":15,"column":45}}]},"11":{"loc":{"start":{"line":16,"column":14},"end":{"line":16,"column":45}},"type":"binary-expr","locations":[{"start":{"line":16,"column":14},"end":{"line":16,"column":39}},{"start":{"line":16,"column":43},"end":{"line":16,"column":45}}]},"12":{"loc":{"start":{"line":18,"column":14},"end":{"line":18,"column":43}},"type":"binary-expr","locations":[{"start":{"line":18,"column":14},"end":{"line":18,"column":37}},{"start":{"line":18,"column":41},"end":{"line":18,"column":43}}]}},"s":{"0":2,"1":2},"f":{},"b":{"0":[2,0],"1":[2,2],"2":[2,2],"3":[2,2],"4":[2,2],"5":[2,2],"6":[2,2],"7":[2,2],"8":[2,2],"9":[2,2],"10":[2,2],"11":[2,2],"12":[2,2]}}
,"C:\\Users\\alexr\\Projects\\youtube\\node-and-express-js-app\\src\\utils.ts": {"path":"C:\\Users\\alexr\\Projects\\youtube\\node-and-express-js-app\\src\\utils.ts","statementMap":{"0":{"start":{"line":5,"column":0},"end":{"line":5,"column":16}},"1":{"start":{"line":9,"column":0},"end":{"line":9,"column":16}},"2":{"start":{"line":22,"column":0},"end":{"line":22,"column":16}},"3":{"start":{"line":40,"column":0},"end":{"line":40,"column":16}},"4":{"start":{"line":2,"column":0},"end":{"line":2,"column":30}},"5":{"start":{"line":6,"column":2},"end":{"line":6,"column":15}},"6":{"start":{"line":10,"column":2},"end":{"line":12,"column":3}},"7":{"start":{"line":11,"column":4},"end":{"line":11,"column":25}},"8":{"start":{"line":13,"column":2},"end":{"line":15,"column":3}},"9":{"start":{"line":14,"column":4},"end":{"line":14,"column":33}},"10":{"start":{"line":16,"column":2},"end":{"line":18,"column":3}},"11":{"start":{"line":17,"column":4},"end":{"line":17,"column":17}},"12":{"start":{"line":19,"column":2},"end":{"line":19,"column":29}},"13":{"start":{"line":23,"column":15},"end":{"line":23,"column":53}},"14":{"start":{"line":24,"column":18},"end":{"line":24,"column":59}},"15":{"start":{"line":26,"column":20},"end":{"line":26,"column":54}},"16":{"start":{"line":28,"column":4},"end":{"line":28,"column":68}},"17":{"start":{"line":30,"column":16},"end":{"line":30,"column":28}},"18":{"start":{"line":31,"column":17},"end":{"line":31,"column":47}},"19":{"start":{"line":32,"column":2},"end":{"line":37,"column":4}},"20":{"start":{"line":45,"column":6},"end":{"line":45,"column":15}},"21":{"start":{"line":48,"column":2},"end":{"line":54,"column":3}},"22":{"start":{"line":49,"column":4},"end":{"line":49,"column":21}},"23":{"start":{"line":50,"column":9},"end":{"line":54,"column":3}},"24":{"start":{"line":51,"column":4},"end":{"line":51,"column":22}},"25":{"start":{"line":53,"column":4},"end":{"line":53,"column":26}},"26":{"start":{"line":56,"column":49},"end":{"line":56,"column":70}},"27":{"start":{"line":58,"column":2},"end":{"line":66,"column":3}},"28":{"start":{"line":59,"column":31},"end":{"line":59,"column":54}},"29":{"start":{"line":60,"column":4},"end":{"line":65,"column":5}},"30":{"start":{"line":64,"column":6},"end":{"line":64,"column":57}},"31":{"start":{"line":68,"column":2},"end":{"line":72,"column":4}}},"fnMap":{"0":{"name":"add","decl":{"start":{"line":5,"column":16},"end":{"line":5,"column":19}},"loc":{"start":{"line":5,"column":40},"end":{"line":7,"column":1}}},"1":{"name":"getErrorMessage","decl":{"start":{"line":9,"column":16},"end":{"line":9,"column":31}},"loc":{"start":{"line":9,"column":46},"end":{"line":20,"column":1}}},"2":{"name":"getPaginationParameters","decl":{"start":{"line":22,"column":16},"end":{"line":22,"column":39}},"loc":{"start":{"line":22,"column":52},"end":{"line":38,"column":1}}},"3":{"name":"parseTaskQueryParameters","decl":{"start":{"line":40,"column":16},"end":{"line":40,"column":40}},"loc":{"start":{"line":40,"column":53},"end":{"line":73,"column":1}}}},"branchMap":{"0":{"loc":{"start":{"line":10,"column":2},"end":{"line":12,"column":3}},"type":"if","locations":[{"start":{"line":10,"column":2},"end":{"line":12,"column":3}}]},"1":{"loc":{"start":{"line":13,"column":2},"end":{"line":15,"column":3}},"type":"if","locations":[{"start":{"line":13,"column":2},"end":{"line":15,"column":3}}]},"2":{"loc":{"start":{"line":13,"column":6},"end":{"line":13,"column":62}},"type":"binary-expr","locations":[{"start":{"line":13,"column":6},"end":{"line":13,"column":11}},{"start":{"line":13,"column":15},"end":{"line":13,"column":40}},{"start":{"line":13,"column":44},"end":{"line":13,"column":62}}]},"3":{"loc":{"start":{"line":16,"column":2},"end":{"line":18,"column":3}},"type":"if","locations":[{"start":{"line":16,"column":2},"end":{"line":18,"column":3}}]},"4":{"loc":{"start":{"line":26,"column":20},"end":{"line":26,"column":54}},"type":"cond-expr","locations":[{"start":{"line":26,"column":46},"end":{"line":26,"column":47}},{"start":{"line":26,"column":50},"end":{"line":26,"column":54}}]},"5":{"loc":{"start":{"line":26,"column":20},"end":{"line":26,"column":43}},"type":"binary-expr","locations":[{"start":{"line":26,"column":20},"end":{"line":26,"column":31}},{"start":{"line":26,"column":35},"end":{"line":26,"column":43}}]},"6":{"loc":{"start":{"line":28,"column":4},"end":{"line":28,"column":68}},"type":"cond-expr","locations":[{"start":{"line":28,"column":36},"end":{"line":28,"column":58}},{"start":{"line":28,"column":61},"end":{"line":28,"column":68}}]},"7":{"loc":{"start":{"line":28,"column":4},"end":{"line":28,"column":33}},"type":"binary-expr","locations":[{"start":{"line":28,"column":4},"end":{"line":28,"column":18}},{"start":{"line":28,"column":22},"end":{"line":28,"column":33}}]},"8":{"loc":{"start":{"line":48,"column":2},"end":{"line":54,"column":3}},"type":"if","locations":[{"start":{"line":48,"column":2},"end":{"line":54,"column":3}},{"start":{"line":50,"column":9},"end":{"line":54,"column":3}}]},"9":{"loc":{"start":{"line":48,"column":6},"end":{"line":48,"column":57}},"type":"binary-expr","locations":[{"start":{"line":48,"column":6},"end":{"line":48,"column":28}},{"start":{"line":48,"column":32},"end":{"line":48,"column":57}}]},"10":{"loc":{"start":{"line":50,"column":9},"end":{"line":54,"column":3}},"type":"if","locations":[{"start":{"line":50,"column":9},"end":{"line":54,"column":3}},{"start":{"line":52,"column":9},"end":{"line":54,"column":3}}]},"11":{"loc":{"start":{"line":50,"column":13},"end":{"line":50,"column":65}},"type":"binary-expr","locations":[{"start":{"line":50,"column":13},"end":{"line":50,"column":35}},{"start":{"line":50,"column":39},"end":{"line":50,"column":65}}]},"12":{"loc":{"start":{"line":58,"column":2},"end":{"line":66,"column":3}},"type":"if","locations":[{"start":{"line":58,"column":2},"end":{"line":66,"column":3}}]},"13":{"loc":{"start":{"line":60,"column":4},"end":{"line":65,"column":5}},"type":"if","locations":[{"start":{"line":60,"column":4},"end":{"line":65,"column":5}}]},"14":{"loc":{"start":{"line":61,"column":6},"end":{"line":62,"column":41}},"type":"binary-expr","locations":[{"start":{"line":61,"column":6},"end":{"line":61,"column":48}},{"start":{"line":62,"column":6},"end":{"line":62,"column":41}}]}},"s":{"0":2,"1":2,"2":2,"3":2,"4":2,"5":1,"6":2,"7":1,"8":1,"9":1,"10":0,"11":0,"12":0,"13":2,"14":2,"15":2,"16":2,"17":2,"18":2,"19":2,"20":0,"21":0,"22":0,"23":0,"24":0,"25":0,"26":0,"27":0,"28":0,"29":0,"30":0,"31":0},"f":{"0":1,"1":2,"2":2,"3":0},"b":{"0":[1],"1":[1],"2":[1,1,1],"3":[0],"4":[1,1],"5":[2,1],"6":[1,1],"7":[2,1],"8":[0,0],"9":[0,0],"10":[0,0],"11":[0,0],"12":[0],"13":[0],"14":[0,0]}}
,"C:\\Users\\alexr\\Projects\\youtube\\node-and-express-js-app\\src\\data\\entities\\Task.ts": {"path":"C:\\Users\\alexr\\Projects\\youtube\\node-and-express-js-app\\src\\data\\entities\\Task.ts","statementMap":{"0":{"start":{"line":1,"column":0},"end":{"line":1,"column":69}},"1":{"start":{"line":25,"column":4},"end":{"line":25,"column":17}},"2":{"start":{"line":26,"column":4},"end":{"line":26,"column":27}},"3":{"start":{"line":27,"column":4},"end":{"line":27,"column":33}},"4":{"start":{"line":28,"column":4},"end":{"line":28,"column":21}},"5":{"start":{"line":29,"column":4},"end":{"line":29,"column":35}},"6":{"start":{"line":30,"column":4},"end":{"line":30,"column":29}},"7":{"start":{"line":31,"column":4},"end":{"line":31,"column":37}},"8":{"start":{"line":32,"column":4},"end":{"line":32,"column":33}},"9":{"start":{"line":36,"column":4},"end":{"line":38,"column":5}},"10":{"start":{"line":37,"column":6},"end":{"line":37,"column":52}},"11":{"start":{"line":39,"column":4},"end":{"line":39,"column":35}},"12":{"start":{"line":43,"column":4},"end":{"line":43,"column":36}},"13":{"start":{"line":43,"column":24},"end":{"line":43,"column":36}},"14":{"start":{"line":45,"column":18},"end":{"line":45,"column":28}},"15":{"start":{"line":46,"column":26},"end":{"line":46,"column":36}},"16":{"start":{"line":47,"column":4},"end":{"line":47,"column":47}},"17":{"start":{"line":49,"column":4},"end":{"line":49,"column":59}},"18":{"start":{"line":54,"column":4},"end":{"line":54,"column":35}},"19":{"start":{"line":58,"column":4},"end":{"line":58,"column":44}},"20":{"start":{"line":4,"column":0},"end":{"line":4,"column":13}},"21":{"start":{"line":13,"column":2},"end":{"line":13,"column":null}},"22":{"start":{"line":53,"column":2},"end":{"line":55,"column":null}}},"fnMap":{"0":{"name":"(anonymous_1)","decl":{"start":{"line":15,"column":2},"end":{"line":15,"column":null}},"loc":{"start":{"line":23,"column":20},"end":{"line":33,"column":3}}},"1":{"name":"(anonymous_2)","decl":{"start":{"line":35,"column":2},"end":{"line":35,"column":17}},"loc":{"start":{"line":35,"column":17},"end":{"line":40,"column":3}}},"2":{"name":"(anonymous_3)","decl":{"start":{"line":42,"column":2},"end":{"line":42,"column":18}},"loc":{"start":{"line":42,"column":18},"end":{"line":50,"column":3}}},"3":{"name":"(anonymous_4)","decl":{"start":{"line":53,"column":2},"end":{"line":53,"column":6}},"loc":{"start":{"line":53,"column":19},"end":{"line":55,"column":3}}},"4":{"name":"(anonymous_5)","decl":{"start":{"line":57,"column":2},"end":{"line":57,"column":7}},"loc":{"start":{"line":57,"column":7},"end":{"line":59,"column":3}}}},"branchMap":{"0":{"loc":{"start":{"line":36,"column":4},"end":{"line":38,"column":5}},"type":"if","locations":[{"start":{"line":36,"column":4},"end":{"line":38,"column":5}}]},"1":{"loc":{"start":{"line":43,"column":4},"end":{"line":43,"column":36}},"type":"if","locations":[{"start":{"line":43,"column":4},"end":{"line":43,"column":36}}]},"2":{"loc":{"start":{"line":49,"column":11},"end":{"line":49,"column":58}},"type":"cond-expr","locations":[{"start":{"line":49,"column":44},"end":{"line":49,"column":50}},{"start":{"line":49,"column":53},"end":{"line":49,"column":58}}]}},"s":{"0":1,"1":5,"2":5,"3":5,"4":5,"5":5,"6":5,"7":5,"8":5,"9":3,"10":1,"11":2,"12":8,"13":1,"14":7,"15":7,"16":7,"17":7,"18":5,"19":1,"20":1,"21":1,"22":1},"f":{"0":5,"1":3,"2":8,"3":5,"4":1},"b":{"0":[1],"1":[1],"2":[6,1]}}
}
