TN:
SF:src\config.ts
FNF:0
FNH:0
DA:1,2
DA:21,2
LF:2
LH:2
BRDA:2,0,0,2
BRDA:2,0,1,0
BRDA:3,1,0,2
BRDA:3,1,1,2
BRDA:5,2,0,2
BRDA:5,2,1,2
BRDA:7,3,0,2
BRDA:7,3,1,2
BRDA:8,4,0,2
BRDA:8,4,1,2
BRDA:9,5,0,2
BRDA:9,5,1,2
BRDA:10,6,0,2
BRDA:10,6,1,2
BRDA:12,7,0,2
BRDA:12,7,1,2
BRDA:13,8,0,2
BRDA:13,8,1,2
BRDA:14,9,0,2
BRDA:14,9,1,2
BRDA:15,10,0,2
BRDA:15,10,1,2
BRDA:16,11,0,2
BRDA:16,11,1,2
BRDA:18,12,0,2
BRDA:18,12,1,2
BRF:26
BRH:25
end_of_record
TN:
SF:src\utils.ts
FN:5,add
FN:9,getErrorMessage
FN:22,getPaginationParameters
FN:40,parseTaskQueryParameters
FNF:4
FNH:3
FNDA:1,add
FNDA:2,getErrorMessage
FNDA:2,getPaginationParameters
FNDA:0,parseTaskQueryParameters
DA:2,2
DA:5,2
DA:6,1
DA:9,2
DA:10,2
DA:11,1
DA:13,1
DA:14,1
DA:16,0
DA:17,0
DA:19,0
DA:22,2
DA:23,2
DA:24,2
DA:26,2
DA:28,2
DA:30,2
DA:31,2
DA:32,2
DA:40,2
DA:45,0
DA:48,0
DA:49,0
DA:50,0
DA:51,0
DA:53,0
DA:56,0
DA:58,0
DA:59,0
DA:60,0
DA:64,0
DA:68,0
LF:32
LH:17
BRDA:10,0,0,1
BRDA:13,1,0,1
BRDA:13,2,0,1
BRDA:13,2,1,1
BRDA:13,2,2,1
BRDA:16,3,0,0
BRDA:26,4,0,1
BRDA:26,4,1,1
BRDA:26,5,0,2
BRDA:26,5,1,1
BRDA:28,6,0,1
BRDA:28,6,1,1
BRDA:28,7,0,2
BRDA:28,7,1,1
BRDA:48,8,0,0
BRDA:48,8,1,0
BRDA:48,9,0,0
BRDA:48,9,1,0
BRDA:50,10,0,0
BRDA:50,10,1,0
BRDA:50,11,0,0
BRDA:50,11,1,0
BRDA:58,12,0,0
BRDA:60,13,0,0
BRDA:61,14,0,0
BRDA:61,14,1,0
BRF:26
BRH:13
end_of_record
TN:
SF:src\data\entities\Task.ts
FN:15,(anonymous_1)
FN:35,(anonymous_2)
FN:42,(anonymous_3)
FN:53,(anonymous_4)
FN:57,(anonymous_5)
FNF:5
FNH:5
FNDA:5,(anonymous_1)
FNDA:3,(anonymous_2)
FNDA:8,(anonymous_3)
FNDA:5,(anonymous_4)
FNDA:1,(anonymous_5)
DA:1,1
DA:4,1
DA:13,1
DA:25,5
DA:26,5
DA:27,5
DA:28,5
DA:29,5
DA:30,5
DA:31,5
DA:32,5
DA:36,3
DA:37,1
DA:39,2
DA:43,8
DA:45,7
DA:46,7
DA:47,7
DA:49,7
DA:53,1
DA:54,5
DA:58,1
LF:22
LH:22
BRDA:36,0,0,1
BRDA:43,1,0,1
BRDA:49,2,0,6
BRDA:49,2,1,1
BRF:4
BRH:4
end_of_record
