TN:
SF:src\config.ts
FNF:0
FNH:0
DA:1,8
DA:21,8
LF:2
LH:2
BRDA:2,0,0,8
BRDA:2,0,1,0
BRDA:3,1,0,8
BRDA:3,1,1,5
BRDA:5,2,0,8
BRDA:5,2,1,5
BRDA:7,3,0,8
BRDA:7,3,1,8
BRDA:8,4,0,8
BRDA:8,4,1,5
BRDA:9,5,0,8
BRDA:9,5,1,5
BRDA:10,6,0,8
BRDA:10,6,1,5
BRDA:12,7,0,8
BRDA:12,7,1,5
BRDA:13,8,0,8
BRDA:13,8,1,5
BRDA:14,9,0,8
BRDA:14,9,1,5
BRDA:15,10,0,8
BRDA:15,10,1,5
BRDA:16,11,0,8
BRDA:16,11,1,5
BRDA:18,12,0,8
BRDA:18,12,1,5
BRF:26
BRH:25
end_of_record
TN:
SF:src\logger.ts
FN:22,(anonymous_1)
FNF:1
FNH:1
FNDA:4,(anonymous_1)
DA:1,3
DA:2,3
DA:3,3
DA:5,3
DA:13,3
DA:23,4
DA:30,3
DA:42,3
DA:44,3
LF:9
LH:9
BRDA:23,0,0,4
BRDA:23,0,1,4
BRDA:23,1,0,4
BRDA:23,1,1,4
BRF:4
BRH:4
end_of_record
TN:
SF:src\server.ts
FN:8,(anonymous_1)
FN:17,(anonymous_2)
FNF:2
FNH:2
FNDA:4,(anonymous_1)
FNDA:1,(anonymous_2)
DA:1,1
DA:2,1
DA:3,1
DA:4,1
DA:5,1
DA:6,1
DA:8,1
DA:9,4
DA:10,4
DA:17,4
DA:18,1
DA:21,4
DA:23,4
DA:25,4
LF:14
LH:14
BRF:0
BRH:0
end_of_record
TN:
SF:src\utils.ts
FN:5,add
FN:9,getErrorMessage
FN:22,getPaginationParameters
FN:40,parseTaskQueryParameters
FNF:4
FNH:3
FNDA:1,add
FNDA:3,getErrorMessage
FNDA:2,getPaginationParameters
FNDA:0,parseTaskQueryParameters
DA:2,4
DA:5,4
DA:6,1
DA:9,4
DA:10,3
DA:11,2
DA:13,1
DA:14,1
DA:16,0
DA:17,0
DA:19,0
DA:22,4
DA:23,2
DA:24,2
DA:26,2
DA:28,2
DA:30,2
DA:31,2
DA:32,2
DA:40,4
DA:45,0
DA:48,0
DA:49,0
DA:50,0
DA:51,0
DA:53,0
DA:56,0
DA:58,0
DA:59,0
DA:60,0
DA:64,0
DA:68,0
LF:32
LH:17
BRDA:10,0,0,2
BRDA:13,1,0,1
BRDA:13,2,0,1
BRDA:13,2,1,1
BRDA:13,2,2,1
BRDA:16,3,0,0
BRDA:26,4,0,1
BRDA:26,4,1,1
BRDA:26,5,0,2
BRDA:26,5,1,1
BRDA:28,6,0,1
BRDA:28,6,1,1
BRDA:28,7,0,2
BRDA:28,7,1,1
BRDA:48,8,0,0
BRDA:48,8,1,0
BRDA:48,9,0,0
BRDA:48,9,1,0
BRDA:50,10,0,0
BRDA:50,10,1,0
BRDA:50,11,0,0
BRDA:50,11,1,0
BRDA:58,12,0,0
BRDA:60,13,0,0
BRDA:61,14,0,0
BRDA:61,14,1,0
BRF:26
BRH:13
end_of_record
TN:
SF:src\data\request-schemas.ts
FNF:0
FNH:0
DA:1,1
DA:3,1
DA:47,1
DA:49,1
LF:4
LH:4
BRF:0
BRH:0
end_of_record
TN:
SF:src\data\entities\Task.ts
FN:15,(anonymous_1)
FN:35,(anonymous_2)
FN:42,(anonymous_3)
FN:53,(anonymous_4)
FN:57,(anonymous_5)
FNF:5
FNH:5
FNDA:5,(anonymous_1)
FNDA:3,(anonymous_2)
FNDA:8,(anonymous_3)
FNDA:5,(anonymous_4)
FNDA:1,(anonymous_5)
DA:1,3
DA:4,3
DA:13,3
DA:25,5
DA:26,5
DA:27,5
DA:28,5
DA:29,5
DA:30,5
DA:31,5
DA:32,5
DA:36,3
DA:37,1
DA:39,2
DA:43,8
DA:45,7
DA:46,7
DA:47,7
DA:49,7
DA:53,3
DA:54,5
DA:58,1
LF:22
LH:22
BRDA:36,0,0,1
BRDA:43,1,0,1
BRDA:49,2,0,6
BRDA:49,2,1,1
BRF:4
BRH:4
end_of_record
TN:
SF:src\data\repositories\AddProjectRepository.ts
FN:13,AddProjectRepository
FN:20,(anonymous_2)
FN:29,(anonymous_3)
FN:45,(anonymous_4)
FN:50,(anonymous_5)
FNF:5
FNH:1
FNDA:4,AddProjectRepository
FNDA:0,(anonymous_2)
FNDA:0,(anonymous_3)
FNDA:0,(anonymous_4)
FNDA:0,(anonymous_5)
DA:1,4
DA:13,4
DA:16,4
DA:21,0
DA:33,0
DA:36,0
DA:44,0
DA:45,0
DA:51,0
DA:57,0
DA:58,0
DA:64,0
LF:12
LH:3
BRDA:39,0,0,0
BRDA:39,0,1,0
BRDA:40,1,0,0
BRDA:40,1,1,0
BRDA:57,2,0,0
BRF:5
BRH:0
end_of_record
TN:
SF:src\data\repositories\AddTaskRepository.ts
FN:13,AddTaskRepository
FN:17,(anonymous_2)
FN:30,(anonymous_3)
FN:60,(anonymous_4)
FN:65,(anonymous_5)
FN:82,(anonymous_6)
FN:92,(anonymous_7)
FNF:7
FNH:1
FNDA:4,AddTaskRepository
FNDA:0,(anonymous_2)
FNDA:0,(anonymous_3)
FNDA:0,(anonymous_4)
FNDA:0,(anonymous_5)
FNDA:0,(anonymous_6)
FNDA:0,(anonymous_7)
DA:1,4
DA:13,4
DA:16,4
DA:18,0
DA:34,0
DA:42,0
DA:43,0
DA:44,0
DA:46,0
DA:50,0
DA:59,0
DA:60,0
DA:66,0
DA:72,0
DA:73,0
DA:79,0
DA:83,0
DA:89,0
DA:93,0
DA:102,0
LF:20
LH:3
BRDA:42,0,0,0
BRDA:43,1,0,0
BRDA:43,1,1,0
BRDA:53,2,0,0
BRDA:53,2,1,0
BRDA:54,3,0,0
BRDA:54,3,1,0
BRDA:72,4,0,0
BRF:8
BRH:0
end_of_record
TN:
SF:src\data\repositories\BaseRepository.ts
FN:7,(anonymous_0)
FN:11,(anonymous_1)
FNF:2
FNH:1
FNDA:4,(anonymous_0)
FNDA:0,(anonymous_1)
DA:1,4
DA:3,4
DA:4,4
DA:5,4
DA:8,4
DA:12,0
LF:6
LH:5
BRF:0
BRH:0
end_of_record
TN:
SF:src\data\repositories\index.ts
FNF:0
FNH:0
DA:1,4
DA:2,4
DA:3,4
DA:5,4
LF:4
LH:4
BRF:0
BRH:0
end_of_record
TN:
SF:src\errors\CustomError.ts
FN:6,(anonymous_0)
FNF:1
FNH:0
FNDA:0,(anonymous_0)
DA:15,0
DA:16,0
DA:17,0
DA:18,0
DA:22,4
LF:5
LH:1
BRF:0
BRH:0
end_of_record
TN:
SF:src\errors\EntityNotFoundError.ts
FNF:0
FNH:0
DA:1,4
DA:4,4
LF:2
LH:2
BRF:0
BRH:0
end_of_record
TN:
SF:src\middleware\error-handler.ts
FN:8,errorHandler
FN:24,(anonymous_2)
FNF:2
FNH:2
FNDA:2,errorHandler
FNDA:1,(anonymous_2)
DA:2,1
DA:3,1
DA:4,1
DA:5,1
DA:6,1
DA:8,1
DA:14,2
DA:15,0
DA:16,0
DA:19,2
DA:20,1
DA:24,1
DA:29,1
DA:30,1
DA:33,1
DA:34,0
DA:40,0
DA:43,1
DA:44,0
DA:50,0
DA:53,1
LF:21
LH:15
BRDA:14,0,0,0
BRDA:14,1,0,2
BRDA:14,1,1,2
BRDA:19,2,0,1
BRDA:33,3,0,0
BRDA:43,4,0,0
BRDA:47,5,0,0
BRDA:47,5,1,0
BRDA:56,6,0,1
BRDA:56,6,1,0
BRF:10
BRH:4
end_of_record
TN:
SF:src\middleware\morgan-middleware.ts
FN:8,(anonymous_1)
FNF:1
FNH:1
FNDA:4,(anonymous_1)
DA:1,1
DA:2,1
DA:4,1
DA:8,4
DA:13,1
LF:5
LH:5
BRF:0
BRH:0
end_of_record
TN:
SF:src\middleware\validate-request.ts
FN:4,validateRequest
FN:5,validator
FNF:2
FNH:2
FNDA:2,validateRequest
FNDA:3,validator
DA:4,1
DA:5,2
DA:10,3
DA:13,2
DA:14,2
LF:5
LH:5
BRF:0
BRH:0
end_of_record
TN:
SF:src\routes\v1\index.ts
FNF:0
FNH:0
DA:1,1
DA:2,1
DA:3,1
DA:5,1
DA:7,1
DA:8,1
DA:10,1
LF:7
LH:7
BRF:0
BRH:0
end_of_record
TN:
SF:src\routes\v1\projects\controller.ts
FN:5,(anonymous_0)
FN:20,(anonymous_1)
FN:28,(anonymous_2)
FNF:3
FNH:0
FNDA:0,(anonymous_0)
FNDA:0,(anonymous_1)
FNDA:0,(anonymous_2)
DA:2,1
DA:3,1
DA:5,1
DA:6,0
DA:7,0
DA:11,0
DA:20,1
DA:21,0
DA:25,0
DA:28,1
DA:29,0
DA:30,0
DA:34,0
LF:13
LH:5
BRF:0
BRH:0
end_of_record
TN:
SF:src\routes\v1\projects\index.ts
FNF:0
FNH:0
DA:1,1
DA:2,1
DA:3,1
DA:5,1
DA:7,1
DA:8,1
DA:9,1
DA:10,1
DA:12,1
LF:9
LH:9
BRF:0
BRH:0
end_of_record
TN:
SF:src\routes\v1\tasks\controller.ts
FN:9,(anonymous_0)
FN:16,(anonymous_1)
FN:18,(anonymous_2)
FN:26,(anonymous_3)
FN:35,(anonymous_4)
FN:46,(anonymous_5)
FN:53,(anonymous_6)
FNF:7
FNH:1
FNDA:0,(anonymous_0)
FNDA:0,(anonymous_1)
FNDA:0,(anonymous_2)
FNDA:0,(anonymous_3)
FNDA:0,(anonymous_4)
FNDA:3,(anonymous_5)
FNDA:0,(anonymous_6)
DA:2,2
DA:3,2
DA:4,2
DA:5,2
DA:6,2
DA:7,2
DA:9,2
DA:10,0
DA:11,0
DA:12,0
DA:16,0
DA:17,0
DA:18,0
DA:26,2
DA:27,0
DA:31,0
DA:32,0
DA:35,2
DA:36,0
DA:40,0
DA:41,0
DA:42,0
DA:43,0
DA:46,2
DA:47,3
DA:48,3
DA:50,2
DA:53,2
DA:54,0
DA:59,0
LF:30
LH:14
BRF:0
BRH:0
end_of_record
TN:
SF:src\routes\v1\tasks\index.ts
FNF:0
FNH:0
DA:1,1
DA:2,1
DA:9,1
DA:10,1
DA:11,1
DA:16,1
DA:18,1
DA:19,1
DA:20,1
DA:21,1
DA:22,1
DA:23,1
DA:25,1
LF:13
LH:13
BRF:0
BRH:0
end_of_record
TN:
SF:src\services\mailer\index.ts
FNF:0
FNH:0
DA:1,1
DA:3,1
DA:4,1
DA:6,1
DA:8,1
DA:9,0
DA:12,1
LF:7
LH:6
BRDA:8,0,0,0
BRF:1
BRH:0
end_of_record
TN:
SF:src\services\mailer\console-log-mailer\ConsoleLogMailer.ts
FN:4,(anonymous_0)
FNF:1
FNH:0
FNDA:0,(anonymous_0)
DA:3,1
DA:5,0
LF:2
LH:1
BRF:0
BRH:0
end_of_record
TN:
SF:src\services\mailer\console-log-mailer\index.ts
FNF:0
FNH:0
DA:1,1
DA:3,1
DA:5,1
LF:3
LH:3
BRF:0
BRH:0
end_of_record
TN:
SF:src\services\mailer\mailtrap-mailer\MailtrapMailer.ts
FN:9,(anonymous_1)
FN:21,(anonymous_2)
FNF:2
FNH:2
FNDA:2,(anonymous_1)
FNDA:1,(anonymous_2)
DA:1,2
DA:3,2
DA:6,2
DA:10,2
DA:18,2
DA:22,1
LF:6
LH:6
BRF:0
BRH:0
end_of_record
TN:
SF:src\services\mailer\mailtrap-mailer\index.ts
FNF:0
FNH:0
DA:1,1
DA:3,1
DA:5,1
LF:3
LH:3
BRF:0
BRH:0
end_of_record
TN:
SF:src\use-cases\CreateTaskUseCase.ts
FN:8,(anonymous_1)
FN:13,(anonymous_2)
FN:25,(anonymous_3)
FNF:3
FNH:3
FNDA:2,(anonymous_1)
FNDA:2,(anonymous_2)
FNDA:1,(anonymous_3)
DA:3,3
DA:4,3
DA:5,3
DA:7,3
DA:9,2
DA:10,2
DA:14,2
DA:19,2
DA:25,1
DA:27,2
LF:10
LH:10
BRF:0
BRH:0
end_of_record
